[2025-11-20 01:42:11] Trade monitor cancelled - graceful shutdown
[2025-11-20 02:10:03] Trade monitor cancelled - graceful shutdown
[2025-11-21 00:19:22] Trade monitor cancelled - graceful shutdown
[2025-11-21 00:20:40] Trade monitor cancelled - graceful shutdown
[2025-11-21 02:39:05] Trade monitor cancelled - graceful shutdown
[2025-11-22 23:30:09] Trade monitor cancelled - graceful shutdown
[2025-11-22 23:45:20] Trade monitor cancelled - graceful shutdown
[2025-11-23 00:06:48] Trade monitor cancelled - graceful shutdown
[2025-11-23 00:42:02] Trade monitor cancelled - graceful shutdown
[2025-11-23 00:47:49] Trade monitor cancelled - graceful shutdown
[2025-11-23 01:03:41] Trade monitor cancelled - graceful shutdown
[2025-11-23 01:18:38] Trade monitor cancelled - graceful shutdown
[2025-11-23 01:54:21] Trade monitor cancelled - graceful shutdown
[2025-11-23 01:55:13] Trade monitor cancelled - graceful shutdown
[2025-11-23 02:01:49] Trade monitor cancelled - graceful shutdown
[2025-11-23 02:08:57] Trade monitor cancelled - graceful shutdown
[2025-11-23 02:11:15] Trade monitor cancelled - graceful shutdown
[2025-11-23 02:34:29] Trade monitor cancelled - graceful shutdown
[2025-11-23 02:35:15] Trade monitor cancelled - graceful shutdown
[2025-11-23 02:56:20] Trade monitor cancelled - graceful shutdown
[2025-11-23 02:57:59] Trade monitor cancelled - graceful shutdown
[2025-11-23 02:59:35] Trade monitor cancelled - graceful shutdown
[2025-11-23 03:02:02] Trade monitor cancelled - graceful shutdown
[2025-11-23 03:03:34] Trade monitor cancelled - graceful shutdown
[2025-11-23 03:04:30] Trade monitor cancelled - graceful shutdown
[2025-11-23 03:05:58] Trade monitor cancelled - graceful shutdown
[2025-11-23 03:09:53] Trade monitor cancelled - graceful shutdown
[2025-11-23 03:11:01] Trade monitor cancelled - graceful shutdown
[2025-11-23 03:12:19] Trade monitor cancelled - graceful shutdown
[2025-11-23 03:13:37] Trade monitor cancelled - graceful shutdown
[2025-11-23 03:15:16] Trade monitor cancelled - graceful shutdown
[2025-11-23 03:15:52] Trade monitor cancelled - graceful shutdown
[2025-11-23 03:16:29] Trade monitor cancelled - graceful shutdown
[2025-11-23 03:18:26] Trade monitor cancelled - graceful shutdown
[2025-11-23 03:26:40] Trade monitor cancelled - graceful shutdown
[2025-11-23 03:27:48] Trade monitor cancelled - graceful shutdown
[2025-11-23 03:29:05] Trade monitor cancelled - graceful shutdown
[2025-11-23 03:30:49] Trade monitor cancelled - graceful shutdown
[2025-11-23 03:34:00] Trade monitor cancelled - graceful shutdown
[2025-11-23 03:45:38] Trade monitor cancelled - graceful shutdown
[2025-11-23 23:11:57] Trade monitor cancelled - graceful shutdown
[2025-11-23 23:12:34] Trade monitor cancelled - graceful shutdown
[2025-11-23 23:13:12] Trade monitor cancelled - graceful shutdown
[2025-11-23 23:13:56] Trade monitor cancelled - graceful shutdown
[2025-11-23 23:28:38] Trade monitor cancelled - graceful shutdown
[2025-11-25 01:38:16] 🔔 Processing entry alert | Symbol: XAUUSD, TF: 5m
[2025-11-25 01:38:16] ❌ Signal BULLISH doesn't match trend BEARISH
[2025-11-25 02:34:39] Trade monitor cancelled - graceful shutdown
[2025-11-25 02:37:21] Trade monitor cancelled - graceful shutdown
[2025-11-25 02:47:03] Trade monitor cancelled - graceful shutdown
[2025-11-25 04:11:47] Trade monitor cancelled - graceful shutdown
[2025-11-25 04:12:49] Trade monitor cancelled - graceful shutdown
[2025-11-25 04:13:15] Trade monitor cancelled - graceful shutdown
[2025-11-25 04:21:35] Trade monitor cancelled - graceful shutdown
[2025-11-25 04:23:57] Trade monitor cancelled - graceful shutdown
[2025-11-25 13:17:56] Trade monitor cancelled - graceful shutdown
[2025-11-25 13:24:21] Trade monitor cancelled - graceful shutdown
[2025-11-25 13:25:54] Trade monitor cancelled - graceful shutdown
[2025-11-25 13:27:27] Trade monitor cancelled - graceful shutdown
[2025-11-25 13:28:30] Trade monitor cancelled - graceful shutdown
[2025-11-25 13:29:46] Trade monitor cancelled - graceful shutdown
[2025-11-25 13:30:31] Trade monitor cancelled - graceful shutdown
[2025-11-25 13:31:38] Trade monitor cancelled - graceful shutdown
[2025-11-25 13:51:47] Trade monitor cancelled - graceful shutdown
[2025-11-25 13:52:24] Trade monitor cancelled - graceful shutdown
[2025-11-25 16:29:25] Trade monitor cancelled - graceful shutdown
[2025-11-25 16:29:34] Trade monitor cancelled - graceful shutdown
[2025-11-25 16:29:44] Trade monitor cancelled - graceful shutdown
[2025-11-25 16:30:08] Trade monitor cancelled - graceful shutdown
[2025-11-25 16:30:42] Trade monitor cancelled - graceful shutdown
[2025-11-25 16:31:22] Trade monitor cancelled - graceful shutdown
[2025-11-25 16:31:37] Trade monitor cancelled - graceful shutdown
[2025-11-25 16:32:27] Trade monitor cancelled - graceful shutdown
[2025-11-25 16:33:38] Trade monitor cancelled - graceful shutdown
[2025-11-25 16:33:48] Trade monitor cancelled - graceful shutdown
[2025-11-25 16:33:57] Trade monitor cancelled - graceful shutdown
[2025-11-25 16:34:06] Trade monitor cancelled - graceful shutdown
[2025-11-25 16:34:17] Trade monitor cancelled - graceful shutdown
[2025-11-25 16:34:26] Trade monitor cancelled - graceful shutdown
[2025-11-25 16:34:35] Trade monitor cancelled - graceful shutdown
[2025-11-25 16:34:44] Trade monitor cancelled - graceful shutdown
[2025-11-25 16:34:52] Trade monitor cancelled - graceful shutdown
[2025-11-25 16:35:01] Trade monitor cancelled - graceful shutdown
[2025-11-25 16:35:09] Trade monitor cancelled - graceful shutdown
[2025-11-25 16:35:18] Trade monitor cancelled - graceful shutdown
[2025-11-25 16:35:27] Trade monitor cancelled - graceful shutdown
[2025-11-25 16:35:35] Trade monitor cancelled - graceful shutdown
[2025-11-25 16:35:45] Trade monitor cancelled - graceful shutdown
[2025-11-25 16:35:54] Trade monitor cancelled - graceful shutdown
[2025-11-25 16:36:04] Trade monitor cancelled - graceful shutdown
[2025-11-25 16:36:13] Trade monitor cancelled - graceful shutdown
[2025-11-25 16:36:22] Trade monitor cancelled - graceful shutdown
[2025-11-25 16:36:30] Trade monitor cancelled - graceful shutdown
[2025-11-25 16:36:39] Trade monitor cancelled - graceful shutdown
[2025-11-25 16:36:48] Trade monitor cancelled - graceful shutdown
[2025-11-25 16:37:29] Trade monitor cancelled - graceful shutdown
[2025-11-25 16:42:12] Trade monitor cancelled - graceful shutdown
[2025-11-25 16:57:43] Trade monitor cancelled - graceful shutdown
[2025-11-25 17:05:47] Trade monitor cancelled - graceful shutdown
[2025-11-25 17:08:00] Trade monitor cancelled - graceful shutdown
[2025-11-25 17:08:16] Trade monitor cancelled - graceful shutdown
[2025-11-25 17:08:25] Trade monitor cancelled - graceful shutdown
[2025-11-25 17:08:35] Trade monitor cancelled - graceful shutdown
[2025-11-25 17:08:45] Trade monitor cancelled - graceful shutdown
[2025-11-25 17:08:54] Trade monitor cancelled - graceful shutdown
[2025-11-25 17:09:04] Trade monitor cancelled - graceful shutdown
[2025-11-25 17:09:13] Trade monitor cancelled - graceful shutdown
[2025-11-25 17:09:24] Trade monitor cancelled - graceful shutdown
[2025-11-25 17:09:34] Trade monitor cancelled - graceful shutdown
[2025-11-25 17:09:43] Trade monitor cancelled - graceful shutdown
[2025-11-25 17:09:52] Trade monitor cancelled - graceful shutdown
[2025-11-25 17:10:02] Trade monitor cancelled - graceful shutdown
[2025-11-25 17:10:11] Trade monitor cancelled - graceful shutdown
[2025-11-25 17:10:20] Trade monitor cancelled - graceful shutdown
[2025-11-25 17:10:29] Trade monitor cancelled - graceful shutdown
[2025-11-25 17:10:39] Trade monitor cancelled - graceful shutdown
[2025-11-25 17:10:48] Trade monitor cancelled - graceful shutdown
[2025-11-25 17:10:57] Trade monitor cancelled - graceful shutdown
[2025-11-25 17:11:06] Trade monitor cancelled - graceful shutdown
[2025-11-25 17:11:16] Trade monitor cancelled - graceful shutdown
[2025-11-25 17:11:25] Trade monitor cancelled - graceful shutdown
[2025-11-25 17:11:34] Trade monitor cancelled - graceful shutdown
[2025-11-25 17:11:44] Trade monitor cancelled - graceful shutdown
[2025-11-25 17:11:53] Trade monitor cancelled - graceful shutdown
[2025-11-25 17:12:13] Trade monitor cancelled - graceful shutdown
[2025-11-25 17:12:24] Trade monitor cancelled - graceful shutdown
[2025-11-25 17:12:35] Trade monitor cancelled - graceful shutdown
[2025-11-25 17:12:56] Trade monitor cancelled - graceful shutdown
[2025-11-25 17:13:07] Trade monitor cancelled - graceful shutdown
[2025-11-25 17:13:19] Trade monitor cancelled - graceful shutdown
[2025-11-25 17:13:30] Trade monitor cancelled - graceful shutdown
[2025-11-25 17:13:40] Trade monitor cancelled - graceful shutdown
[2025-11-25 17:13:51] Trade monitor cancelled - graceful shutdown
[2025-11-25 17:14:02] Trade monitor cancelled - graceful shutdown
[2025-11-25 17:14:12] Trade monitor cancelled - graceful shutdown
[2025-11-25 17:14:23] Trade monitor cancelled - graceful shutdown
[2025-11-25 17:14:33] Trade monitor cancelled - graceful shutdown
[2025-11-25 17:14:44] Trade monitor cancelled - graceful shutdown
[2025-11-25 17:14:55] Trade monitor cancelled - graceful shutdown
[2025-11-25 17:15:06] Trade monitor cancelled - graceful shutdown
[2025-11-25 17:15:17] Trade monitor cancelled - graceful shutdown
[2025-11-25 17:15:27] Trade monitor cancelled - graceful shutdown
[2025-11-25 17:15:38] Trade monitor cancelled - graceful shutdown
[2025-11-25 17:15:49] Trade monitor cancelled - graceful shutdown
[2025-11-25 17:16:00] Trade monitor cancelled - graceful shutdown
[2025-11-25 17:16:12] Trade monitor cancelled - graceful shutdown
[2025-11-25 17:16:22] Trade monitor cancelled - graceful shutdown
[2025-11-25 17:16:33] Trade monitor cancelled - graceful shutdown
[2025-11-25 17:16:44] Trade monitor cancelled - graceful shutdown
[2025-11-25 17:16:54] Trade monitor cancelled - graceful shutdown
[2025-11-25 17:17:14] Trade monitor cancelled - graceful shutdown
[2025-11-25 17:17:25] Trade monitor cancelled - graceful shutdown
[2025-11-25 17:17:36] Trade monitor cancelled - graceful shutdown
[2025-11-25 17:17:46] Trade monitor cancelled - graceful shutdown
[2025-11-25 17:17:57] Trade monitor cancelled - graceful shutdown
[2025-11-25 17:18:07] Trade monitor cancelled - graceful shutdown
[2025-11-25 17:18:18] Trade monitor cancelled - graceful shutdown
[2025-11-25 17:18:28] Trade monitor cancelled - graceful shutdown
[2025-11-25 17:18:39] Trade monitor cancelled - graceful shutdown
[2025-11-25 17:19:00] Trade monitor cancelled - graceful shutdown
[2025-11-25 17:19:10] Trade monitor cancelled - graceful shutdown
[2025-11-25 17:19:21] Trade monitor cancelled - graceful shutdown
[2025-11-25 17:19:31] Trade monitor cancelled - graceful shutdown
[2025-11-25 17:19:41] Trade monitor cancelled - graceful shutdown
[2025-11-25 17:20:03] Trade monitor cancelled - graceful shutdown
[2025-11-25 17:20:14] Trade monitor cancelled - graceful shutdown
[2025-11-25 17:20:34] Trade monitor cancelled - graceful shutdown
[2025-11-25 17:20:45] Trade monitor cancelled - graceful shutdown
[2025-11-25 17:20:56] Trade monitor cancelled - graceful shutdown
[2025-11-25 17:21:17] Trade monitor cancelled - graceful shutdown
[2025-11-25 17:21:27] Trade monitor cancelled - graceful shutdown
[2025-11-25 17:21:38] Trade monitor cancelled - graceful shutdown
[2025-11-25 17:21:49] Trade monitor cancelled - graceful shutdown
[2025-11-25 17:22:00] Trade monitor cancelled - graceful shutdown
[2025-11-25 17:22:11] Trade monitor cancelled - graceful shutdown
[2025-11-25 17:22:21] Trade monitor cancelled - graceful shutdown
[2025-11-25 17:22:32] Trade monitor cancelled - graceful shutdown
[2025-11-25 17:22:53] Trade monitor cancelled - graceful shutdown
[2025-11-25 17:23:04] Trade monitor cancelled - graceful shutdown
[2025-11-25 17:23:15] Trade monitor cancelled - graceful shutdown
[2025-11-25 17:23:25] Trade monitor cancelled - graceful shutdown
[2025-11-25 17:23:36] Trade monitor cancelled - graceful shutdown
[2025-11-25 17:23:47] Trade monitor cancelled - graceful shutdown
[2025-11-25 17:23:58] Trade monitor cancelled - graceful shutdown
[2025-11-25 17:24:09] Trade monitor cancelled - graceful shutdown
[2025-11-25 17:24:19] Trade monitor cancelled - graceful shutdown
[2025-11-25 17:24:30] Trade monitor cancelled - graceful shutdown
[2025-11-25 17:24:41] Trade monitor cancelled - graceful shutdown
[2025-11-25 17:24:52] Trade monitor cancelled - graceful shutdown
[2025-11-25 17:25:02] Trade monitor cancelled - graceful shutdown
[2025-11-25 17:25:13] Trade monitor cancelled - graceful shutdown
[2025-11-25 17:25:24] Trade monitor cancelled - graceful shutdown
[2025-11-25 17:25:35] Trade monitor cancelled - graceful shutdown
[2025-11-25 17:25:46] Trade monitor cancelled - graceful shutdown
[2025-11-25 17:25:57] Trade monitor cancelled - graceful shutdown
[2025-11-25 17:26:18] Trade monitor cancelled - graceful shutdown
[2025-11-25 17:26:28] Trade monitor cancelled - graceful shutdown
[2025-11-25 17:26:49] Trade monitor cancelled - graceful shutdown
[2025-11-25 17:27:00] Trade monitor cancelled - graceful shutdown
[2025-11-25 17:27:10] Trade monitor cancelled - graceful shutdown
[2025-11-25 17:27:20] Trade monitor cancelled - graceful shutdown
[2025-11-25 17:27:31] Trade monitor cancelled - graceful shutdown
[2025-11-25 17:27:42] Trade monitor cancelled - graceful shutdown
[2025-11-25 17:27:53] Trade monitor cancelled - graceful shutdown
[2025-11-25 17:28:03] Trade monitor cancelled - graceful shutdown
[2025-11-25 17:28:14] Trade monitor cancelled - graceful shutdown
[2025-11-25 17:28:24] Trade monitor cancelled - graceful shutdown
[2025-11-25 17:28:35] Trade monitor cancelled - graceful shutdown
[2025-11-25 17:28:46] Trade monitor cancelled - graceful shutdown
[2025-11-25 17:28:58] Trade monitor cancelled - graceful shutdown
[2025-11-25 17:29:09] Trade monitor cancelled - graceful shutdown
[2025-11-25 17:29:19] Trade monitor cancelled - graceful shutdown
[2025-11-25 17:29:30] Trade monitor cancelled - graceful shutdown
[2025-11-25 17:29:41] Trade monitor cancelled - graceful shutdown
[2025-11-25 17:29:51] Trade monitor cancelled - graceful shutdown
[2025-11-25 17:30:02] Trade monitor cancelled - graceful shutdown
[2025-11-25 17:30:12] Trade monitor cancelled - graceful shutdown
[2025-11-25 17:30:25] Trade monitor cancelled - graceful shutdown
[2025-11-25 17:30:35] Trade monitor cancelled - graceful shutdown
[2025-11-25 17:30:46] Trade monitor cancelled - graceful shutdown
[2025-11-25 17:30:57] Trade monitor cancelled - graceful shutdown
[2025-11-25 17:31:07] Trade monitor cancelled - graceful shutdown
[2025-11-25 17:31:18] Trade monitor cancelled - graceful shutdown
[2025-11-25 17:31:39] Trade monitor cancelled - graceful shutdown
[2025-11-25 17:31:50] Trade monitor cancelled - graceful shutdown
[2025-11-25 17:32:00] Trade monitor cancelled - graceful shutdown
[2025-11-25 17:32:11] Trade monitor cancelled - graceful shutdown
[2025-11-25 17:32:22] Trade monitor cancelled - graceful shutdown
[2025-11-25 17:32:33] Trade monitor cancelled - graceful shutdown
[2025-11-25 17:32:44] Trade monitor cancelled - graceful shutdown
[2025-11-25 17:33:05] Trade monitor cancelled - graceful shutdown
[2025-11-25 17:33:15] Trade monitor cancelled - graceful shutdown
[2025-11-25 17:33:26] Trade monitor cancelled - graceful shutdown
[2025-11-25 17:33:37] Trade monitor cancelled - graceful shutdown
[2025-11-25 17:33:48] Trade monitor cancelled - graceful shutdown
[2025-11-25 17:34:09] Trade monitor cancelled - graceful shutdown
[2025-11-25 17:34:20] Trade monitor cancelled - graceful shutdown
[2025-11-25 17:34:31] Trade monitor cancelled - graceful shutdown
[2025-11-25 17:35:00] Trade monitor cancelled - graceful shutdown
[2025-11-25 17:35:25] Trade monitor cancelled - graceful shutdown
[2025-11-25 17:35:55] Trade monitor cancelled - graceful shutdown
[2025-11-25 17:36:15] Trade monitor cancelled - graceful shutdown
[2025-11-25 17:36:28] Trade monitor cancelled - graceful shutdown
[2025-11-25 17:36:39] Trade monitor cancelled - graceful shutdown
[2025-11-25 17:36:53] Trade monitor cancelled - graceful shutdown
[2025-11-25 17:37:06] Trade monitor cancelled - graceful shutdown
[2025-11-25 17:37:17] Trade monitor cancelled - graceful shutdown
[2025-11-25 17:37:33] Trade monitor cancelled - graceful shutdown
[2025-11-25 17:37:45] Trade monitor cancelled - graceful shutdown
[2025-11-25 17:37:58] Trade monitor cancelled - graceful shutdown
[2025-11-25 17:38:22] Trade monitor cancelled - graceful shutdown
[2025-11-25 17:38:42] Trade monitor cancelled - graceful shutdown
[2025-11-25 17:39:12] Trade monitor cancelled - graceful shutdown
[2025-11-25 17:39:28] Trade monitor cancelled - graceful shutdown
[2025-11-25 17:39:43] Trade monitor cancelled - graceful shutdown
[2025-11-25 17:39:53] Trade monitor cancelled - graceful shutdown
[2025-11-25 17:40:05] Trade monitor cancelled - graceful shutdown
[2025-11-25 17:40:17] Trade monitor cancelled - graceful shutdown
[2025-11-25 17:40:29] Trade monitor cancelled - graceful shutdown
[2025-11-25 17:40:41] Trade monitor cancelled - graceful shutdown
[2025-11-25 17:40:52] Trade monitor cancelled - graceful shutdown
[2025-11-25 17:41:03] Trade monitor cancelled - graceful shutdown
[2025-11-25 17:41:14] Trade monitor cancelled - graceful shutdown
[2025-11-25 17:41:25] Trade monitor cancelled - graceful shutdown
[2025-11-25 17:41:37] Trade monitor cancelled - graceful shutdown
[2025-11-25 17:41:48] Trade monitor cancelled - graceful shutdown
[2025-11-25 17:41:59] Trade monitor cancelled - graceful shutdown
[2025-11-25 17:42:09] Trade monitor cancelled - graceful shutdown
[2025-11-25 17:42:21] Trade monitor cancelled - graceful shutdown
[2025-11-25 17:42:32] Trade monitor cancelled - graceful shutdown
[2025-11-25 17:42:43] Trade monitor cancelled - graceful shutdown
[2025-11-25 17:42:54] Trade monitor cancelled - graceful shutdown
[2025-11-25 17:43:06] Trade monitor cancelled - graceful shutdown
[2025-11-25 17:43:17] Trade monitor cancelled - graceful shutdown
[2025-11-25 17:43:28] Trade monitor cancelled - graceful shutdown
[2025-11-25 17:43:38] Trade monitor cancelled - graceful shutdown
[2025-11-25 17:43:49] Trade monitor cancelled - graceful shutdown
[2025-11-25 17:44:00] Trade monitor cancelled - graceful shutdown
[2025-11-25 17:44:11] Trade monitor cancelled - graceful shutdown
[2025-11-25 17:44:22] Trade monitor cancelled - graceful shutdown
[2025-11-25 17:44:34] Trade monitor cancelled - graceful shutdown
[2025-11-25 17:44:44] Trade monitor cancelled - graceful shutdown
[2025-11-25 17:44:56] Trade monitor cancelled - graceful shutdown
[2025-11-25 17:45:07] Trade monitor cancelled - graceful shutdown
[2025-11-25 17:45:18] Trade monitor cancelled - graceful shutdown
[2025-11-25 17:45:28] Trade monitor cancelled - graceful shutdown
[2025-11-25 17:45:39] Trade monitor cancelled - graceful shutdown
[2025-11-25 17:45:51] Trade monitor cancelled - graceful shutdown
[2025-11-25 17:46:02] Trade monitor cancelled - graceful shutdown
[2025-11-25 17:46:13] Trade monitor cancelled - graceful shutdown
[2025-11-25 17:46:24] Trade monitor cancelled - graceful shutdown
[2025-11-25 17:46:36] Trade monitor cancelled - graceful shutdown
[2025-11-25 17:46:47] Trade monitor cancelled - graceful shutdown
[2025-11-25 17:46:58] Trade monitor cancelled - graceful shutdown
[2025-11-25 17:47:10] Trade monitor cancelled - graceful shutdown
[2025-11-25 17:47:21] Trade monitor cancelled - graceful shutdown
[2025-11-25 17:47:32] Trade monitor cancelled - graceful shutdown
[2025-11-25 17:47:43] Trade monitor cancelled - graceful shutdown
[2025-11-25 17:47:54] Trade monitor cancelled - graceful shutdown
[2025-11-25 17:48:05] Trade monitor cancelled - graceful shutdown
[2025-11-25 17:48:16] Trade monitor cancelled - graceful shutdown
[2025-11-25 17:48:27] Trade monitor cancelled - graceful shutdown
[2025-11-25 17:48:39] Trade monitor cancelled - graceful shutdown
[2025-11-25 17:48:50] Trade monitor cancelled - graceful shutdown
[2025-11-25 17:49:02] Trade monitor cancelled - graceful shutdown
[2025-11-25 17:49:13] Trade monitor cancelled - graceful shutdown
[2025-11-25 17:49:24] Trade monitor cancelled - graceful shutdown
[2025-11-25 17:49:36] Trade monitor cancelled - graceful shutdown
[2025-11-25 17:49:46] Trade monitor cancelled - graceful shutdown
[2025-11-25 17:49:58] Trade monitor cancelled - graceful shutdown
[2025-11-25 17:50:09] Trade monitor cancelled - graceful shutdown
[2025-11-25 17:50:20] Trade monitor cancelled - graceful shutdown
[2025-11-25 17:50:31] Trade monitor cancelled - graceful shutdown
[2025-11-25 17:50:43] Trade monitor cancelled - graceful shutdown
[2025-11-25 17:50:56] Trade monitor cancelled - graceful shutdown
[2025-11-25 17:51:07] Trade monitor cancelled - graceful shutdown
[2025-11-25 17:51:18] Trade monitor cancelled - graceful shutdown
[2025-11-25 17:51:29] Trade monitor cancelled - graceful shutdown
[2025-11-25 17:51:40] Trade monitor cancelled - graceful shutdown
[2025-11-25 17:51:51] Trade monitor cancelled - graceful shutdown
[2025-11-25 17:52:02] Trade monitor cancelled - graceful shutdown
[2025-11-25 17:52:14] Trade monitor cancelled - graceful shutdown
[2025-11-25 17:52:25] Trade monitor cancelled - graceful shutdown
[2025-11-25 17:52:36] Trade monitor cancelled - graceful shutdown
[2025-11-25 17:52:47] Trade monitor cancelled - graceful shutdown
[2025-11-25 17:52:58] Trade monitor cancelled - graceful shutdown
[2025-11-25 17:53:09] Trade monitor cancelled - graceful shutdown
[2025-11-25 17:53:20] Trade monitor cancelled - graceful shutdown
[2025-11-25 17:53:31] Trade monitor cancelled - graceful shutdown
[2025-11-25 17:53:42] Trade monitor cancelled - graceful shutdown
[2025-11-25 17:54:21] Trade monitor cancelled - graceful shutdown
[2025-11-25 17:54:32] Trade monitor cancelled - graceful shutdown
[2025-11-25 17:54:44] Trade monitor cancelled - graceful shutdown
[2025-11-25 17:54:54] Trade monitor cancelled - graceful shutdown
[2025-11-25 17:55:05] Trade monitor cancelled - graceful shutdown
[2025-11-25 17:55:16] Trade monitor cancelled - graceful shutdown
[2025-11-25 17:55:27] Trade monitor cancelled - graceful shutdown
[2025-11-25 17:55:38] Trade monitor cancelled - graceful shutdown
[2025-11-25 17:55:49] Trade monitor cancelled - graceful shutdown
[2025-11-25 17:56:01] Trade monitor cancelled - graceful shutdown
[2025-11-25 17:56:12] Trade monitor cancelled - graceful shutdown
[2025-11-25 17:56:23] Trade monitor cancelled - graceful shutdown
[2025-11-25 17:56:34] Trade monitor cancelled - graceful shutdown
[2025-11-25 17:56:45] Trade monitor cancelled - graceful shutdown
[2025-11-25 17:56:57] Trade monitor cancelled - graceful shutdown
[2025-11-25 17:57:08] Trade monitor cancelled - graceful shutdown
[2025-11-25 17:57:19] Trade monitor cancelled - graceful shutdown
[2025-11-25 17:57:30] Trade monitor cancelled - graceful shutdown
[2025-11-25 17:57:40] Trade monitor cancelled - graceful shutdown
[2025-11-25 17:57:51] Trade monitor cancelled - graceful shutdown
[2025-11-25 17:58:03] Trade monitor cancelled - graceful shutdown
[2025-11-25 17:58:14] Trade monitor cancelled - graceful shutdown
[2025-11-25 17:58:25] Trade monitor cancelled - graceful shutdown
[2025-11-25 17:58:35] Trade monitor cancelled - graceful shutdown
[2025-11-25 17:58:47] Trade monitor cancelled - graceful shutdown
[2025-11-25 17:58:59] Trade monitor cancelled - graceful shutdown
[2025-11-25 17:59:10] Trade monitor cancelled - graceful shutdown
[2025-11-25 17:59:21] Trade monitor cancelled - graceful shutdown
[2025-11-25 17:59:33] Trade monitor cancelled - graceful shutdown
[2025-11-25 17:59:48] Trade monitor cancelled - graceful shutdown
[2025-11-25 18:00:01] Trade monitor cancelled - graceful shutdown
[2025-11-25 18:00:11] Trade monitor cancelled - graceful shutdown
[2025-11-25 18:00:23] Trade monitor cancelled - graceful shutdown
[2025-11-25 18:00:34] Trade monitor cancelled - graceful shutdown
[2025-11-25 18:00:46] Trade monitor cancelled - graceful shutdown
[2025-11-25 18:00:58] Trade monitor cancelled - graceful shutdown
[2025-11-25 18:01:10] Trade monitor cancelled - graceful shutdown
[2025-11-25 18:01:32] Trade monitor cancelled - graceful shutdown
[2025-11-25 18:01:51] Trade monitor cancelled - graceful shutdown
[2025-11-25 18:01:55] Trade monitor cancelled - graceful shutdown
[2025-11-25 18:02:01] Trade monitor cancelled - graceful shutdown
[2025-11-25 18:02:11] Trade monitor cancelled - graceful shutdown
[2025-11-25 18:02:23] Trade monitor cancelled - graceful shutdown
[2025-11-25 18:02:33] Trade monitor cancelled - graceful shutdown
[2025-11-25 18:02:44] Trade monitor cancelled - graceful shutdown
[2025-11-25 18:02:54] Trade monitor cancelled - graceful shutdown
[2025-11-25 18:03:03] Trade monitor cancelled - graceful shutdown
[2025-11-25 18:03:13] Trade monitor cancelled - graceful shutdown
[2025-11-25 18:03:23] Trade monitor cancelled - graceful shutdown
[2025-11-25 18:03:32] Trade monitor cancelled - graceful shutdown
[2025-11-25 18:03:42] Trade monitor cancelled - graceful shutdown
[2025-11-25 18:03:52] Trade monitor cancelled - graceful shutdown
[2025-11-25 18:04:01] Trade monitor cancelled - graceful shutdown
[2025-11-25 18:04:11] Trade monitor cancelled - graceful shutdown
[2025-11-25 18:04:21] Trade monitor cancelled - graceful shutdown
[2025-11-25 18:04:31] Trade monitor cancelled - graceful shutdown
[2025-11-25 18:04:42] Trade monitor cancelled - graceful shutdown
[2025-11-25 18:04:55] Trade monitor cancelled - graceful shutdown
[2025-11-25 18:05:04] Trade monitor cancelled - graceful shutdown
[2025-11-25 18:05:14] Trade monitor cancelled - graceful shutdown
[2025-11-25 18:05:24] Trade monitor cancelled - graceful shutdown
[2025-11-25 18:05:33] Trade monitor cancelled - graceful shutdown
[2025-11-25 18:05:44] Trade monitor cancelled - graceful shutdown
[2025-11-25 18:05:54] Trade monitor cancelled - graceful shutdown
[2025-11-25 18:06:03] Trade monitor cancelled - graceful shutdown
[2025-11-25 18:06:13] Trade monitor cancelled - graceful shutdown
[2025-11-25 18:06:23] Trade monitor cancelled - graceful shutdown
[2025-11-25 18:06:41] Trade monitor cancelled - graceful shutdown
[2025-11-25 18:06:52] Trade monitor cancelled - graceful shutdown
[2025-11-25 18:07:01] Trade monitor cancelled - graceful shutdown
[2025-11-25 18:07:11] Trade monitor cancelled - graceful shutdown
[2025-11-25 18:07:21] Trade monitor cancelled - graceful shutdown
[2025-11-25 18:07:31] Trade monitor cancelled - graceful shutdown
[2025-11-25 18:07:41] Trade monitor cancelled - graceful shutdown
[2025-11-25 18:07:51] Trade monitor cancelled - graceful shutdown
[2025-11-25 18:08:01] Trade monitor cancelled - graceful shutdown
[2025-11-25 18:08:10] Trade monitor cancelled - graceful shutdown
[2025-11-25 18:08:20] Trade monitor cancelled - graceful shutdown
[2025-11-25 18:08:30] Trade monitor cancelled - graceful shutdown
[2025-11-25 18:08:39] Trade monitor cancelled - graceful shutdown
[2025-11-25 18:08:50] Trade monitor cancelled - graceful shutdown
[2025-11-25 18:09:01] Trade monitor cancelled - graceful shutdown
[2025-11-25 18:09:13] Trade monitor cancelled - graceful shutdown
[2025-11-25 18:09:24] Trade monitor cancelled - graceful shutdown
[2025-11-25 18:09:36] Trade monitor cancelled - graceful shutdown
[2025-11-25 18:09:48] Trade monitor cancelled - graceful shutdown
[2025-11-25 18:10:00] Trade monitor cancelled - graceful shutdown
[2025-11-25 18:10:12] Trade monitor cancelled - graceful shutdown
[2025-11-25 18:10:24] Trade monitor cancelled - graceful shutdown
[2025-11-25 18:10:39] Trade monitor cancelled - graceful shutdown
[2025-11-25 18:10:51] Trade monitor cancelled - graceful shutdown
[2025-11-25 18:11:03] Trade monitor cancelled - graceful shutdown
[2025-11-25 18:11:14] Trade monitor cancelled - graceful shutdown
[2025-11-25 18:11:25] Trade monitor cancelled - graceful shutdown
[2025-11-25 18:11:36] Trade monitor cancelled - graceful shutdown
[2025-11-25 18:11:48] Trade monitor cancelled - graceful shutdown
[2025-11-25 18:11:59] Trade monitor cancelled - graceful shutdown
[2025-11-25 18:12:10] Trade monitor cancelled - graceful shutdown
[2025-11-25 18:12:21] Trade monitor cancelled - graceful shutdown
[2025-11-25 18:12:32] Trade monitor cancelled - graceful shutdown
[2025-11-25 18:12:43] Trade monitor cancelled - graceful shutdown
[2025-11-25 18:12:54] Trade monitor cancelled - graceful shutdown
[2025-11-25 18:13:06] Trade monitor cancelled - graceful shutdown
[2025-11-25 18:13:23] Trade monitor cancelled - graceful shutdown
[2025-11-25 18:13:40] Trade monitor cancelled - graceful shutdown
[2025-11-25 18:13:58] Trade monitor cancelled - graceful shutdown
[2025-11-25 18:14:07] Trade monitor cancelled - graceful shutdown
[2025-11-25 18:14:17] Trade monitor cancelled - graceful shutdown
[2025-11-25 18:14:26] Trade monitor cancelled - graceful shutdown
[2025-11-25 18:14:35] Trade monitor cancelled - graceful shutdown
[2025-11-25 18:14:45] Trade monitor cancelled - graceful shutdown
[2025-11-25 18:14:55] Trade monitor cancelled - graceful shutdown
[2025-11-25 18:15:04] Trade monitor cancelled - graceful shutdown
[2025-11-25 18:15:14] Trade monitor cancelled - graceful shutdown
[2025-11-25 18:15:24] Trade monitor cancelled - graceful shutdown
[2025-11-25 18:15:33] Trade monitor cancelled - graceful shutdown
[2025-11-25 18:15:42] Trade monitor cancelled - graceful shutdown
[2025-11-25 18:15:52] Trade monitor cancelled - graceful shutdown
[2025-11-25 18:16:01] Trade monitor cancelled - graceful shutdown
[2025-11-25 18:16:10] Trade monitor cancelled - graceful shutdown
[2025-11-25 18:16:20] Trade monitor cancelled - graceful shutdown
[2025-11-25 18:16:29] Trade monitor cancelled - graceful shutdown
[2025-11-25 18:16:38] Trade monitor cancelled - graceful shutdown
[2025-11-25 18:16:48] Trade monitor cancelled - graceful shutdown
[2025-11-25 18:16:57] Trade monitor cancelled - graceful shutdown
[2025-11-25 18:17:07] Trade monitor cancelled - graceful shutdown
[2025-11-25 18:17:16] Trade monitor cancelled - graceful shutdown
[2025-11-25 18:17:26] Trade monitor cancelled - graceful shutdown
[2025-11-25 18:17:35] Trade monitor cancelled - graceful shutdown
[2025-11-25 18:17:44] Trade monitor cancelled - graceful shutdown
[2025-11-25 18:17:54] Trade monitor cancelled - graceful shutdown
[2025-11-25 18:18:03] Trade monitor cancelled - graceful shutdown
[2025-11-25 18:18:12] Trade monitor cancelled - graceful shutdown
[2025-11-25 18:18:22] Trade monitor cancelled - graceful shutdown
[2025-11-25 18:18:31] Trade monitor cancelled - graceful shutdown
[2025-11-25 18:18:41] Trade monitor cancelled - graceful shutdown
[2025-11-25 18:18:51] Trade monitor cancelled - graceful shutdown
[2025-11-25 18:19:01] Trade monitor cancelled - graceful shutdown
[2025-11-25 18:19:11] Trade monitor cancelled - graceful shutdown
[2025-11-25 18:19:20] Trade monitor cancelled - graceful shutdown
[2025-11-25 18:19:30] Trade monitor cancelled - graceful shutdown
[2025-11-25 18:19:39] Trade monitor cancelled - graceful shutdown
[2025-11-25 18:19:49] Trade monitor cancelled - graceful shutdown
[2025-11-25 18:20:03] Trade monitor cancelled - graceful shutdown
[2025-11-25 18:20:14] Trade monitor cancelled - graceful shutdown
[2025-11-25 18:20:25] Trade monitor cancelled - graceful shutdown
[2025-11-25 18:20:35] Trade monitor cancelled - graceful shutdown
[2025-11-25 18:20:48] Trade monitor cancelled - graceful shutdown
[2025-11-25 18:21:04] Trade monitor cancelled - graceful shutdown
[2025-11-25 18:21:15] Trade monitor cancelled - graceful shutdown
[2025-11-25 18:21:29] Trade monitor cancelled - graceful shutdown
[2025-11-25 18:21:40] Trade monitor cancelled - graceful shutdown
[2025-11-25 18:21:51] Trade monitor cancelled - graceful shutdown
[2025-11-25 18:22:02] Trade monitor cancelled - graceful shutdown
[2025-11-25 18:22:14] Trade monitor cancelled - graceful shutdown
[2025-11-25 18:22:25] Trade monitor cancelled - graceful shutdown
[2025-11-25 18:22:36] Trade monitor cancelled - graceful shutdown
[2025-11-25 18:22:47] Trade monitor cancelled - graceful shutdown
[2025-11-25 18:22:59] Trade monitor cancelled - graceful shutdown
[2025-11-25 18:23:11] Trade monitor cancelled - graceful shutdown
[2025-11-25 18:23:23] Trade monitor cancelled - graceful shutdown
[2025-11-25 18:23:34] Trade monitor cancelled - graceful shutdown
[2025-11-25 18:23:45] Trade monitor cancelled - graceful shutdown
[2025-11-25 18:23:55] Trade monitor cancelled - graceful shutdown
[2025-11-25 18:24:06] Trade monitor cancelled - graceful shutdown
[2025-11-25 18:24:17] Trade monitor cancelled - graceful shutdown
[2025-11-25 18:24:32] Trade monitor cancelled - graceful shutdown
[2025-11-25 18:24:45] Trade monitor cancelled - graceful shutdown
[2025-11-25 18:24:56] Trade monitor cancelled - graceful shutdown
[2025-11-25 18:25:07] Trade monitor cancelled - graceful shutdown
[2025-11-25 18:25:19] Trade monitor cancelled - graceful shutdown
[2025-11-25 18:25:31] Trade monitor cancelled - graceful shutdown
[2025-11-25 18:25:44] Trade monitor cancelled - graceful shutdown
[2025-11-25 18:25:55] Trade monitor cancelled - graceful shutdown
[2025-11-25 18:26:07] Trade monitor cancelled - graceful shutdown
[2025-11-25 18:26:20] Trade monitor cancelled - graceful shutdown
[2025-11-25 18:26:31] Trade monitor cancelled - graceful shutdown
[2025-11-25 18:26:42] Trade monitor cancelled - graceful shutdown
[2025-11-25 18:27:18] Trade monitor cancelled - graceful shutdown
[2025-11-25 18:27:52] Trade monitor cancelled - graceful shutdown
[2025-11-25 18:28:02] Trade monitor cancelled - graceful shutdown
[2025-11-25 18:28:12] Trade monitor cancelled - graceful shutdown
[2025-11-25 18:28:22] Trade monitor cancelled - graceful shutdown
[2025-11-25 18:28:32] Trade monitor cancelled - graceful shutdown
[2025-11-25 18:28:41] Trade monitor cancelled - graceful shutdown
[2025-11-25 18:28:51] Trade monitor cancelled - graceful shutdown
[2025-11-25 18:29:00] Trade monitor cancelled - graceful shutdown
[2025-11-25 18:29:12] Trade monitor cancelled - graceful shutdown
[2025-11-25 18:29:21] Trade monitor cancelled - graceful shutdown
[2025-11-25 18:30:13] Trade monitor cancelled - graceful shutdown
[2025-11-25 19:34:07] Trade monitor cancelled - graceful shutdown
[2025-11-25 19:34:16] Trade monitor cancelled - graceful shutdown
[2025-11-25 19:34:25] Trade monitor cancelled - graceful shutdown
[2025-11-25 19:34:33] Trade monitor cancelled - graceful shutdown
[2025-11-25 19:34:42] Trade monitor cancelled - graceful shutdown
[2025-11-25 19:34:51] Trade monitor cancelled - graceful shutdown
[2025-11-25 19:34:59] Trade monitor cancelled - graceful shutdown
[2025-11-25 19:35:08] Trade monitor cancelled - graceful shutdown
[2025-11-25 19:35:17] Trade monitor cancelled - graceful shutdown
[2025-11-25 19:35:25] Trade monitor cancelled - graceful shutdown
[2025-11-25 19:35:27] Trade monitor cancelled - graceful shutdown
[2025-11-25 19:35:36] Trade monitor cancelled - graceful shutdown
[2025-11-25 19:35:39] Trade monitor cancelled - graceful shutdown
[2025-11-25 19:35:50] Trade monitor cancelled - graceful shutdown
[2025-11-25 19:35:52] Trade monitor cancelled - graceful shutdown
[2025-11-25 19:35:59] Trade monitor cancelled - graceful shutdown
[2025-11-25 19:36:37] Trade monitor cancelled - graceful shutdown
[2025-11-25 19:36:57] Trade monitor cancelled - graceful shutdown
[2025-11-25 19:37:12] Trade monitor cancelled - graceful shutdown
[2025-11-25 19:38:42] Trade monitor cancelled - graceful shutdown
[2025-11-25 19:40:30] Trade monitor cancelled - graceful shutdown
[2025-11-25 19:41:14] Trade monitor cancelled - graceful shutdown
[2025-11-25 19:46:26] Trade monitor cancelled - graceful shutdown
[2025-11-25 19:47:36] Trade monitor cancelled - graceful shutdown
[2025-11-25 19:59:29] Trade monitor cancelled - graceful shutdown
[2025-11-25 20:42:49] Trade monitor cancelled - graceful shutdown
[2025-11-25 21:34:54] Trade monitor cancelled - graceful shutdown
[2025-11-25 21:40:48] Trade monitor cancelled - graceful shutdown
[2025-11-25 21:46:44] Trade monitor cancelled - graceful shutdown
[2025-11-25 22:06:37] Trade monitor cancelled - graceful shutdown
[2025-11-25 22:10:12] Trade monitor cancelled - graceful shutdown
[2025-11-25 22:35:20] Trade monitor cancelled - graceful shutdown
[2025-11-25 23:40:21] Trade monitor cancelled - graceful shutdown
[2025-11-26 01:36:52] Trade monitor cancelled - graceful shutdown
[2025-11-26 01:37:18] Trade monitor cancelled - graceful shutdown
[2025-11-26 01:53:36] Trade monitor cancelled - graceful shutdown
[2025-11-26 02:22:46] Trade monitor cancelled - graceful shutdown
[2025-11-26 02:36:11] Trade monitor cancelled - graceful shutdown
[2025-11-26 02:44:11] Trade monitor cancelled - graceful shutdown
[2025-11-26 23:56:49] Trade monitor cancelled - graceful shutdown
[2025-11-26 23:58:19] Trade monitor cancelled - graceful shutdown
[2025-11-26 23:58:33] Trade monitor cancelled - graceful shutdown
[2025-11-26 23:58:42] Trade monitor cancelled - graceful shutdown
[2025-11-27 00:04:32] Trade monitor cancelled - graceful shutdown
[2025-11-27 00:07:08] Trade monitor cancelled - graceful shutdown
[2025-11-27 00:11:43] Trade monitor cancelled - graceful shutdown
[2025-11-27 01:12:10] Trade monitor cancelled - graceful shutdown
[2025-11-27 01:36:39] Trade monitor cancelled - graceful shutdown
[2025-11-27 01:52:16] Trade monitor cancelled - graceful shutdown
[2025-11-27 01:52:31] Trade monitor cancelled - graceful shutdown
[2025-11-27 01:52:45] Trade monitor cancelled - graceful shutdown
[2025-11-27 01:53:01] Trade monitor cancelled - graceful shutdown
[2025-11-27 01:53:15] Trade monitor cancelled - graceful shutdown
[2025-11-27 02:44:48] Trade monitor cancelled - graceful shutdown
[2025-11-27 02:45:02] Trade monitor cancelled - graceful shutdown
[2025-11-27 02:58:17] Trade monitor cancelled - graceful shutdown
[2025-11-27 03:21:10] Trade monitor cancelled - graceful shutdown
[2025-11-27 05:12:54] Trade monitor cancelled - graceful shutdown
[2025-11-27 18:05:32] Trade monitor cancelled - graceful shutdown
[2025-11-27 18:08:46] Trade monitor cancelled - graceful shutdown
[2025-11-27 19:15:23] Trade monitor cancelled - graceful shutdown
[2025-11-27 19:17:20] Trade monitor cancelled - graceful shutdown
[2025-11-27 20:12:20] Trade monitor cancelled - graceful shutdown
[2025-11-27 20:14:29] Trade monitor cancelled - graceful shutdown
[2025-11-27 20:21:16] Trade monitor cancelled - graceful shutdown
[2025-11-27 20:24:59] Trade monitor cancelled - graceful shutdown
[2025-11-27 20:26:52] Trade monitor cancelled - graceful shutdown
[2025-11-27 20:40:32] Trade monitor cancelled - graceful shutdown
[2025-11-27 20:42:21] Trade monitor cancelled - graceful shutdown
[2025-11-27 20:43:38] Trade monitor cancelled - graceful shutdown
[2025-11-27 20:51:52] Trade monitor cancelled - graceful shutdown
[2025-11-27 21:01:57] Trade monitor cancelled - graceful shutdown
[2025-11-27 21:02:17] Trade monitor cancelled - graceful shutdown
[2025-11-27 21:04:07] Trade monitor cancelled - graceful shutdown
[2025-11-27 21:05:09] Trade monitor cancelled - graceful shutdown
[2025-11-27 22:45:50] Trade monitor cancelled - graceful shutdown
[2025-11-27 22:46:17] Trade monitor cancelled - graceful shutdown
[2025-11-29 00:39:49] 🔔 Processing entry alert | Symbol: XAUUSD, TF: 5m
[2025-11-29 00:39:49] 🔍 TRADING_DEBUG: Alert=buy, TF=5m, Symbol=XAUUSD
[2025-11-29 00:39:49] 🔍 TRADING_DEBUG: Alignment={'aligned': False, 'direction': 'PENDING'}
[2025-11-29 00:39:49] 🔍 TRADING_DEBUG: SignalDir=PENDING, Logic=LOGIC1
[2025-11-29 00:39:49] 🔍 TRADING_DEBUG: Alert=buy, TF=5m, Symbol=XAUUSD
[2025-11-29 00:39:49] 🔍 TRADING_DEBUG: Alignment={'aligned': True, 'direction': 'BEARISH', 'details': {'1h': 'BEARISH', '15m': 'BEARISH'}, 'failure_reason': None}
[2025-11-29 00:39:49] 🔍 TRADING_DEBUG: SignalDir=PENDING, Logic=LOGIC1
[2025-11-29 00:39:49] 🔍 TRADING_DEBUG: Alert=buy, TF=5m, Symbol=XAUUSD
[2025-11-29 00:39:49] 🔍 TRADING_DEBUG: Alignment={'aligned': True, 'direction': 'BEARISH', 'details': {'1h': 'BEARISH', '15m': 'BEARISH'}, 'failure_reason': None}
[2025-11-29 00:39:49] 🔍 TRADING_DEBUG: SignalDir=BULLISH, Logic=LOGIC1
[2025-11-29 00:39:49] ❌ Signal BULLISH doesn't match trend BEARISH
[2025-11-29 00:39:49] 🔍 TRADING_DEBUG: Alert=buy, TF=5m, Symbol=XAUUSD
[2025-11-29 00:39:49] 🔍 TRADING_DEBUG: Alignment={'aligned': False, 'direction': 'UNKNOWN'}
[2025-11-29 00:39:49] 🔍 TRADING_DEBUG: SignalDir=UNKNOWN, Logic=UNKNOWN
[2025-11-29 01:03:50] Trade monitor cancelled - graceful shutdown
[2025-11-29 01:10:24] Trade monitor cancelled - graceful shutdown
[2025-11-29 01:16:39] 🔔 Processing entry alert | Symbol: XAUUSD, TF: 5m
[2025-11-29 01:16:39] 🔍 TRADING_DEBUG: Alert=buy, TF=5m, Symbol=XAUUSD
[2025-11-29 01:16:39] 🔍 TRADING_DEBUG: Alignment={'aligned': False, 'direction': 'PENDING'}
[2025-11-29 01:16:39] 🔍 TRADING_DEBUG: SignalDir=PENDING, Logic=LOGIC1
[2025-11-29 01:16:39] 🔍 TRADING_DEBUG: Alert=buy, TF=5m, Symbol=XAUUSD
[2025-11-29 01:16:39] 🔍 TRADING_DEBUG: Alignment={'aligned': True, 'direction': 'BEARISH', 'details': {'1h': 'BEARISH', '15m': 'BEARISH'}, 'failure_reason': None}
[2025-11-29 01:16:39] 🔍 TRADING_DEBUG: SignalDir=PENDING, Logic=LOGIC1
[2025-11-29 01:16:39] 🔍 TRADING_DEBUG: Alert=buy, TF=5m, Symbol=XAUUSD
[2025-11-29 01:16:39] 🔍 TRADING_DEBUG: Alignment={'aligned': True, 'direction': 'BEARISH', 'details': {'1h': 'BEARISH', '15m': 'BEARISH'}, 'failure_reason': None}
[2025-11-29 01:16:39] 🔍 TRADING_DEBUG: SignalDir=BULLISH, Logic=LOGIC1
[2025-11-29 01:16:39] ❌ Signal BULLISH doesn't match trend BEARISH
[2025-11-29 01:16:39] 🔍 TRADING_DEBUG: Alert=buy, TF=5m, Symbol=XAUUSD
[2025-11-29 01:16:39] 🔍 TRADING_DEBUG: Alignment={'aligned': False, 'direction': 'UNKNOWN'}
[2025-11-29 01:16:39] 🔍 TRADING_DEBUG: SignalDir=UNKNOWN, Logic=UNKNOWN
[2025-11-29 01:21:56] 🔔 Processing entry alert | Symbol: XAUUSD, TF: 5m
[2025-11-29 01:21:56] 🔍 TRADING_DEBUG: Alert=sell, TF=5m, Symbol=XAUUSD
[2025-11-29 01:21:56] 🔍 TRADING_DEBUG: Alignment={'aligned': False, 'direction': 'PENDING'}
[2025-11-29 01:21:56] 🔍 TRADING_DEBUG: SignalDir=PENDING, Logic=LOGIC1
[2025-11-29 01:21:56] 🔍 TRADING_DEBUG: Alert=sell, TF=5m, Symbol=XAUUSD
[2025-11-29 01:21:56] 🔍 TRADING_DEBUG: Alignment={'aligned': True, 'direction': 'BEARISH', 'details': {'1h': 'BEARISH', '15m': 'BEARISH'}, 'failure_reason': None}
[2025-11-29 01:21:56] 🔍 TRADING_DEBUG: SignalDir=PENDING, Logic=LOGIC1
[2025-11-29 01:21:56] 🔍 TRADING_DEBUG: Alert=sell, TF=5m, Symbol=XAUUSD
[2025-11-29 01:21:56] 🔍 TRADING_DEBUG: Alignment={'aligned': True, 'direction': 'BEARISH', 'details': {'1h': 'BEARISH', '15m': 'BEARISH'}, 'failure_reason': None}
[2025-11-29 01:21:56] 🔍 TRADING_DEBUG: SignalDir=BEARISH, Logic=LOGIC1
[2025-11-29 01:21:56] 🔔 Trade execution starting | Symbol: XAUUSD, Direction: BEARISH
[2025-12-02 00:43:38] 🔔 Processing entry alert | Symbol: XAUUSD, TF: 1h
[2025-12-02 00:43:38] 🔍 TRADING_DEBUG: Alert=buy, TF=1h, Symbol=XAUUSD
[2025-12-02 00:43:38] 🔍 TRADING_DEBUG: Alignment={'aligned': False, 'direction': 'PENDING'}
[2025-12-02 00:43:38] 🔍 TRADING_DEBUG: SignalDir=PENDING, Logic=LOGIC3
[2025-12-02 00:43:38] 🔍 TRADING_DEBUG: Alert=buy, TF=1h, Symbol=XAUUSD
[2025-12-02 00:43:38] 🔍 TRADING_DEBUG: Alignment={'aligned': False, 'direction': 'NEUTRAL', 'details': {'1d': 'NEUTRAL', '1h': 'BEARISH'}, 'failure_reason': '1D trend is NEUTRAL'}
[2025-12-02 00:43:38] 🔍 TRADING_DEBUG: SignalDir=PENDING, Logic=LOGIC3
[2025-12-02 00:43:38] ❌ Trend not aligned for LOGIC3: {'aligned': False, 'direction': 'NEUTRAL', 'details': {'1d': 'NEUTRAL', '1h': 'BEARISH'}, 'failure_reason': '1D trend is NEUTRAL'}
[2025-12-02 00:43:38] 🔍 TRADING_DEBUG: Alert=buy, TF=1h, Symbol=XAUUSD
[2025-12-02 00:43:38] 🔍 TRADING_DEBUG: Alignment={'aligned': False, 'direction': 'UNKNOWN'}
[2025-12-02 00:43:38] 🔍 TRADING_DEBUG: SignalDir=UNKNOWN, Logic=UNKNOWN
[2025-12-02 00:45:29] Trade monitor cancelled - graceful shutdown
[2025-12-02 01:31:58] 🔔 Processing entry alert | Symbol: XAUUSD, TF: 5m
[2025-12-02 01:31:58] 🔍 TRADING_DEBUG: Alert=buy, TF=5m, Symbol=XAUUSD
[2025-12-02 01:31:58] 🔍 TRADING_DEBUG: Alignment={'aligned': False, 'direction': 'PENDING'}
[2025-12-02 01:31:58] 🔍 TRADING_DEBUG: SignalDir=PENDING, Logic=LOGIC1
[2025-12-02 01:31:58] 🔍 TRADING_DEBUG: Alert=buy, TF=5m, Symbol=XAUUSD
[2025-12-02 01:31:58] 🔍 TRADING_DEBUG: Alignment={'aligned': True, 'direction': 'BEARISH', 'details': {'1h': 'BEARISH', '15m': 'BEARISH'}, 'failure_reason': None}
[2025-12-02 01:31:58] 🔍 TRADING_DEBUG: SignalDir=PENDING, Logic=LOGIC1
[2025-12-02 01:31:58] 🔍 TRADING_DEBUG: Alert=buy, TF=5m, Symbol=XAUUSD
[2025-12-02 01:31:58] 🔍 TRADING_DEBUG: Alignment={'aligned': True, 'direction': 'BEARISH', 'details': {'1h': 'BEARISH', '15m': 'BEARISH'}, 'failure_reason': None}
[2025-12-02 01:31:58] 🔍 TRADING_DEBUG: SignalDir=BULLISH, Logic=LOGIC1
[2025-12-02 01:31:58] ❌ Signal BULLISH doesn't match trend BEARISH
[2025-12-02 01:31:58] 🔍 TRADING_DEBUG: Alert=buy, TF=5m, Symbol=XAUUSD
[2025-12-02 01:31:58] 🔍 TRADING_DEBUG: Alignment={'aligned': False, 'direction': 'UNKNOWN'}
[2025-12-02 01:31:58] 🔍 TRADING_DEBUG: SignalDir=UNKNOWN, Logic=UNKNOWN
[2025-12-02 01:32:14] Trade monitor cancelled - graceful shutdown
[2025-12-02 01:34:47] 🔔 Processing entry alert | Symbol: XAUUSD, TF: 5m
[2025-12-02 01:34:47] 🔍 TRADING_DEBUG: Alert=sell, TF=5m, Symbol=XAUUSD
[2025-12-02 01:34:47] 🔍 TRADING_DEBUG: Alignment={'aligned': False, 'direction': 'PENDING'}
[2025-12-02 01:34:47] 🔍 TRADING_DEBUG: SignalDir=PENDING, Logic=LOGIC1
[2025-12-02 01:34:47] 🔍 TRADING_DEBUG: Alert=sell, TF=5m, Symbol=XAUUSD
[2025-12-02 01:34:47] 🔍 TRADING_DEBUG: Alignment={'aligned': True, 'direction': 'BEARISH', 'details': {'1h': 'BEARISH', '15m': 'BEARISH'}, 'failure_reason': None}
[2025-12-02 01:34:47] 🔍 TRADING_DEBUG: SignalDir=PENDING, Logic=LOGIC1
[2025-12-02 01:34:47] 🔍 TRADING_DEBUG: Alert=sell, TF=5m, Symbol=XAUUSD
[2025-12-02 01:34:47] 🔍 TRADING_DEBUG: Alignment={'aligned': True, 'direction': 'BEARISH', 'details': {'1h': 'BEARISH', '15m': 'BEARISH'}, 'failure_reason': None}
[2025-12-02 01:34:47] 🔍 TRADING_DEBUG: SignalDir=BEARISH, Logic=LOGIC1
[2025-12-02 01:34:47] 🔔 Trade execution starting | Symbol: XAUUSD, Direction: BEARISH
[2025-12-02 01:34:53] 🔔 Processing entry alert | Symbol: XAUUSD, TF: 15m
[2025-12-02 01:34:53] 🔍 TRADING_DEBUG: Alert=sell, TF=15m, Symbol=XAUUSD
[2025-12-02 01:34:53] 🔍 TRADING_DEBUG: Alignment={'aligned': False, 'direction': 'PENDING'}
[2025-12-02 01:34:53] 🔍 TRADING_DEBUG: SignalDir=PENDING, Logic=LOGIC2
[2025-12-02 01:34:53] 🔍 TRADING_DEBUG: Alert=sell, TF=15m, Symbol=XAUUSD
[2025-12-02 01:34:53] 🔍 TRADING_DEBUG: Alignment={'aligned': True, 'direction': 'BEARISH', 'details': {'1h': 'BEARISH', '15m': 'BEARISH'}, 'failure_reason': None}
[2025-12-02 01:34:53] 🔍 TRADING_DEBUG: SignalDir=PENDING, Logic=LOGIC2
[2025-12-02 01:34:53] 🔍 TRADING_DEBUG: Alert=sell, TF=15m, Symbol=XAUUSD
[2025-12-02 01:34:53] 🔍 TRADING_DEBUG: Alignment={'aligned': True, 'direction': 'BEARISH', 'details': {'1h': 'BEARISH', '15m': 'BEARISH'}, 'failure_reason': None}
[2025-12-02 01:34:53] 🔍 TRADING_DEBUG: SignalDir=BEARISH, Logic=LOGIC2
[2025-12-02 01:34:53] 🔔 Trade execution starting | Symbol: XAUUSD, Direction: BEARISH
[2025-12-02 01:37:04] Trade monitor cancelled - graceful shutdown
[2025-12-03 23:24:06] Trade monitor cancelled - graceful shutdown
[2025-12-03 23:26:50] Trade monitor cancelled - graceful shutdown
[2025-12-03 23:30:25] Trade monitor cancelled - graceful shutdown
[2025-12-03 23:35:16] Trade monitor cancelled - graceful shutdown
[2025-12-03 23:38:11] Trade monitor cancelled - graceful shutdown
[2025-12-04 00:03:08] Trade monitor cancelled - graceful shutdown
[2025-12-04 00:18:53] Trade monitor cancelled - graceful shutdown
[2025-12-04 01:47:51] Trade monitor cancelled - graceful shutdown
[2025-12-06 01:15:31] Trade monitor cancelled - graceful shutdown
[2025-12-06 01:34:26] Trade monitor cancelled - graceful shutdown
[2025-12-06 01:52:03] Trade monitor cancelled - graceful shutdown
[2025-12-06 02:14:10] Trade monitor cancelled - graceful shutdown
[2025-12-06 02:15:25] Trade monitor cancelled - graceful shutdown
[2025-12-06 02:16:36] Trade monitor cancelled - graceful shutdown
[2025-12-06 02:32:11] Trade monitor cancelled - graceful shutdown
[2025-12-07 00:53:57] ✅ Exit Continuation Monitor initialized (Window: 60s, Interval: 5s)
[2025-12-07 00:55:01] ✅ Exit Continuation Monitor initialized (Window: 60s, Interval: 5s)
[2025-12-07 00:55:26] ✅ Exit Continuation Monitor initialized (Window: 60s, Interval: 5s)
[2025-12-07 00:55:59] ✅ Exit Continuation Monitor initialized (Window: 60s, Interval: 5s)
[2025-12-07 00:56:20] ✅ Exit Continuation Monitor initialized (Window: 60s, Interval: 5s)
[2025-12-07 00:57:01] ✅ Exit Continuation Monitor initialized (Window: 60s, Interval: 5s)
[2025-12-07 00:57:27] ✅ Exit Continuation Monitor initialized (Window: 60s, Interval: 5s)
[2025-12-07 00:57:27] 🔄 Exit continuation monitoring started for EURUSD (Reason: MANUAL_EXIT, Window: 60s)
[2025-12-07 00:58:03] ✅ Exit Continuation Monitor initialized (Window: 60s, Interval: 5s)
[2025-12-07 00:58:03] 🔄 Exit continuation monitoring started for EURUSD (Reason: MANUAL_EXIT, Window: 60s)
[2025-12-07 00:59:18] ✅ Exit Continuation Monitor initialized (Window: 60s, Interval: 5s)
[2025-12-07 00:59:18] 🔄 Exit continuation monitoring started for EURUSD (Reason: MANUAL_EXIT, Window: 60s)
[2025-12-07 00:59:56] ✅ Exit Continuation Monitor initialized (Window: 60s, Interval: 5s)
[2025-12-07 00:59:56] 🔄 Exit continuation monitoring started for EURUSD (Reason: MANUAL_EXIT, Window: 60s)
[2025-12-07 01:00:31] ✅ Exit Continuation Monitor initialized (Window: 60s, Interval: 5s)
[2025-12-07 01:00:31] 🔄 Exit continuation monitoring started for EURUSD (Reason: MANUAL_EXIT, Window: 60s)
[2025-12-07 01:00:33] ✅ Exit continuation conditions MET for EURUSD: Price reverted 5.0 pips, Trend aligned
[2025-12-07 01:00:33] ✅ EXIT CONTINUATION TRIGGERED - EURUSD recovered in 1.9s
[2025-12-07 01:00:33] ❌ Error placing exit continuation order: 1 validation error for Trade
profit_level
  Input should be a valid integer [type=int_type, input_value=None, input_type=NoneType]
    For further information visit https://errors.pydantic.dev/2.5/v/int_type
[2025-12-07 01:00:33] ❌ Failed to place exit continuation order for EXIT_EURUSD_101_1765049431
[2025-12-07 01:01:11] ✅ Exit Continuation Monitor initialized (Window: 60s, Interval: 5s)
[2025-12-07 01:01:11] 🔄 Exit continuation monitoring started for EURUSD (Reason: MANUAL_EXIT, Window: 60s)
[2025-12-07 01:01:13] ✅ Exit continuation conditions MET for EURUSD: Price reverted 5.0 pips, Trend aligned
[2025-12-07 01:01:13] ✅ EXIT CONTINUATION TRIGGERED - EURUSD recovered in 1.9s
[2025-12-07 01:01:13] ❌ Error placing exit continuation order: MockMT5Client.place_order() missing 1 required positional argument: 'volume'
[2025-12-07 01:01:13] ❌ Failed to place exit continuation order for EXIT_EURUSD_101_1765049471
[2025-12-07 01:01:40] ✅ Exit Continuation Monitor initialized (Window: 60s, Interval: 5s)
[2025-12-07 01:01:40] 🔄 Exit continuation monitoring started for EURUSD (Reason: MANUAL_EXIT, Window: 60s)
[2025-12-07 01:01:42] ✅ Exit continuation conditions MET for EURUSD: Price reverted 5.0 pips, Trend aligned
[2025-12-07 01:01:42] ✅ EXIT CONTINUATION TRIGGERED - EURUSD recovered in 1.9s
[2025-12-07 01:01:42] ❌ Error placing exit continuation order: 'OptimizedLogger' object has no attribute 'success'
[2025-12-07 01:01:42] ❌ Failed to place exit continuation order for EXIT_EURUSD_101_1765049500
[2025-12-07 01:02:13] ✅ Exit Continuation Monitor initialized (Window: 60s, Interval: 5s)
[2025-12-07 01:02:13] 🔄 Exit continuation monitoring started for EURUSD (Reason: MANUAL_EXIT, Window: 60s)
[2025-12-07 01:02:15] ✅ Exit continuation conditions MET for EURUSD: Price reverted 5.0 pips, Trend aligned
[2025-12-07 01:02:15] ✅ EXIT CONTINUATION TRIGGERED - EURUSD recovered in 1.8s
[2025-12-07 01:02:15] ❌ Error placing exit continuation order: 'OptimizedLogger' object has no attribute 'success'
[2025-12-07 01:02:15] ❌ Failed to place exit continuation order for EXIT_EURUSD_101_1765049533
[2025-12-07 01:24:38] ✅ Exit Continuation Monitor initialized (Window: 60s, Interval: 5s)
[2025-12-07 01:24:38] 🔄 Exit continuation monitoring started for EURUSD (Reason: MANUAL, Window: 60s)
[2025-12-07 01:24:38] ✅ Exit continuation conditions MET for EURUSD: Price reverted 5.0 pips, Trend aligned
[2025-12-07 01:24:38] ✅ EXIT CONTINUATION TRIGGERED - EURUSD recovered in 0.0s
[2025-12-07 01:24:38] ❌ Error placing exit continuation order: 'OptimizedLogger' object has no attribute 'success'
[2025-12-07 01:24:38] ❌ Failed to place exit continuation order for EXIT_EURUSD_888_1765050878
[2025-12-09 02:06:23] Trade monitor cancelled - graceful shutdown
[2025-12-09 02:10:40] Trade monitor cancelled - graceful shutdown
[2025-12-09 02:13:18] Trade monitor cancelled - graceful shutdown
[2025-12-09 02:13:46] Trade monitor cancelled - graceful shutdown
[2025-12-09 02:20:05] Trade monitor cancelled - graceful shutdown
[2025-12-11 01:17:52] 🔔 Processing entry alert | Symbol: XAUUSD, TF: 5m
[2025-12-11 01:17:52] 🔍 TRADING_DEBUG: Alert=buy, TF=5m, Symbol=XAUUSD
[2025-12-11 01:17:52] 🔍 TRADING_DEBUG: Alignment={'aligned': False, 'direction': 'PENDING'}
[2025-12-11 01:17:52] 🔍 TRADING_DEBUG: SignalDir=PENDING, Logic=LOGIC1
[2025-12-11 01:17:52] 🔍 TRADING_DEBUG: Alert=buy, TF=5m, Symbol=XAUUSD
[2025-12-11 01:17:52] 🔍 TRADING_DEBUG: Alignment={'aligned': False, 'direction': 'NEUTRAL', 'details': {'1h': 'BEARISH', '15m': 'BULLISH'}, 'failure_reason': "Trends don't match: 1H=BEARISH != 15M=BULLISH"}
[2025-12-11 01:17:52] 🔍 TRADING_DEBUG: SignalDir=PENDING, Logic=LOGIC1
[2025-12-11 01:17:52] ❌ Trend not aligned for LOGIC1: {'aligned': False, 'direction': 'NEUTRAL', 'details': {'1h': 'BEARISH', '15m': 'BULLISH'}, 'failure_reason': "Trends don't match: 1H=BEARISH != 15M=BULLISH"}
[2025-12-11 01:17:52] 🔍 TRADING_DEBUG: Alert=buy, TF=5m, Symbol=XAUUSD
[2025-12-11 01:17:52] 🔍 TRADING_DEBUG: Alignment={'aligned': False, 'direction': 'UNKNOWN'}
[2025-12-11 01:17:52] 🔍 TRADING_DEBUG: SignalDir=UNKNOWN, Logic=UNKNOWN
